<?xml version="1.0" encoding="UTF-8"?>
<!-- Generated by org.testng.reporters.JUnitReportReporter -->
<testsuite hostname="ATMECSINLT-028" failures="0" tests="1" name="com.atmecs.assignment.testscript.TestScript" time="0.000" errors="0" timestamp="2019-11-11T21:11:12 IST" skipped="1">
  <testcase classname="com.atmecs.assignment.testscript.TestScript" name="productValidation" time="0.000">
    <skipped/>
  </testcase> <!-- productValidation -->
</testsuite> <!-- com.atmecs.assignment.testscript.TestScript -->
